<!DOCTYPE html PUBLIC "-//W3C//DTD XHTML 1.1//EN" "http://www.w3.org/TR/xhtml11/DTD/xhtml11.dtd">
<html xmlns="http://www.w3.org/1999/xhtml"><head><title>TestNG Report</title><style type="text/css">table {margin-bottom:10px;border-collapse:collapse;empty-cells:show}th,td {border:1px solid #009;padding:.25em .5em}th {vertical-align:bottom}td {vertical-align:top}table a {font-weight:bold}.stripe td {background-color: #E6EBF9}.num {text-align:right}.passedodd td {background-color: #3F3}.passedeven td {background-color: #0A0}.skippedodd td {background-color: #DDD}.skippedeven td {background-color: #CCC}.failedodd td,.attn {background-color: #F33}.failedeven td,.stripe .attn {background-color: #D00}.stacktrace {white-space:pre;font-family:monospace}.totop {font-size:85%;text-align:center;border-bottom:2px solid #000}</style></head><body><table><tr><th>Test</th><th># Passed</th><th># Skipped</th><th># Failed</th><th>Time (ms)</th><th>Included Groups</th><th>Excluded Groups</th></tr><tr><th colspan="7">TestNG</th></tr><tr><td><a href="#t0">test</a></td><td class="num">44</td><td class="num">0</td><td class="num attn">6</td><td class="num">291,866</td><td></td><td></td></tr></table><table><thead><tr><th>Class</th><th>Method</th><th>Start</th><th>Time (ms)</th></tr></thead><tbody><tr><th colspan="4">TestNG</th></tr></tbody><tbody id="t0"><tr><th colspan="4">test &#8212; failed</th></tr><tr class="failedeven"><td rowspan="6">test.Gurukul</td><td><a href="#m0">test_accountSettings</a></td><td rowspan="1">1483333374613</td><td rowspan="1">629</td></tr><tr class="failedeven"><td><a href="#m1">test_createStaff</a></td><td rowspan="1">1483333140723</td><td rowspan="1">6351</td></tr><tr class="failedeven"><td><a href="#m2">test_logout</a></td><td rowspan="1">1483333375249</td><td rowspan="1">4347</td></tr><tr class="failedeven"><td><a href="#m3">test_searchAndClickPageButton</a></td><td rowspan="1">1483333374175</td><td rowspan="1">433</td></tr><tr class="failedeven"><td><a href="#m4">test_searchBranchAndDelete</a></td><td rowspan="1">1483333364830</td><td rowspan="1">9294</td></tr><tr class="failedeven"><td><a href="#m5">test_searchStaffAndDelete</a></td><td rowspan="1">1483333147077</td><td rowspan="1">2507</td></tr><tr><th colspan="4">test &#8212; passed</th></tr><tr class="passedeven"><td rowspan="44">test.Gurukul</td><td><a href="#m6">test_createBranches</a></td><td rowspan="4">1483333117796</td><td rowspan="4">6901</td></tr><tr class="passedeven"><td><a href="#m7">test_createBranches</a></td></tr><tr class="passedeven"><td><a href="#m8">test_createBranches</a></td></tr><tr class="passedeven"><td><a href="#m9">test_createBranches</a></td></tr><tr class="passedeven"><td><a href="#m10">test_login</a></td><td rowspan="1">1483333099200</td><td rowspan="1">10728</td></tr><tr class="passedeven"><td><a href="#m11">test_pagination</a></td><td rowspan="1">1483333354128</td><td rowspan="1">10701</td></tr><tr class="passedeven"><td><a href="#m12">test_registerNewUser</a></td><td rowspan="1">1483333097946</td><td rowspan="1">1249</td></tr><tr class="passedeven"><td><a href="#m13">test_staffAdd</a></td><td rowspan="34">1483333312137</td><td rowspan="34">5956</td></tr><tr class="passedeven"><td><a href="#m14">test_staffAdd</a></td></tr><tr class="passedeven"><td><a href="#m15">test_staffAdd</a></td></tr><tr class="passedeven"><td><a href="#m16">test_staffAdd</a></td></tr><tr class="passedeven"><td><a href="#m17">test_staffAdd</a></td></tr><tr class="passedeven"><td><a href="#m18">test_staffAdd</a></td></tr><tr class="passedeven"><td><a href="#m19">test_staffAdd</a></td></tr><tr class="passedeven"><td><a href="#m20">test_staffAdd</a></td></tr><tr class="passedeven"><td><a href="#m21">test_staffAdd</a></td></tr><tr class="passedeven"><td><a href="#m22">test_staffAdd</a></td></tr><tr class="passedeven"><td><a href="#m23">test_staffAdd</a></td></tr><tr class="passedeven"><td><a href="#m24">test_staffAdd</a></td></tr><tr class="passedeven"><td><a href="#m25">test_staffAdd</a></td></tr><tr class="passedeven"><td><a href="#m26">test_staffAdd</a></td></tr><tr class="passedeven"><td><a href="#m27">test_staffAdd</a></td></tr><tr class="passedeven"><td><a href="#m28">test_staffAdd</a></td></tr><tr class="passedeven"><td><a href="#m29">test_staffAdd</a></td></tr><tr class="passedeven"><td><a href="#m30">test_staffAdd</a></td></tr><tr class="passedeven"><td><a href="#m31">test_staffAdd</a></td></tr><tr class="passedeven"><td><a href="#m32">test_staffAdd</a></td></tr><tr class="passedeven"><td><a href="#m33">test_staffAdd</a></td></tr><tr class="passedeven"><td><a href="#m34">test_staffAdd</a></td></tr><tr class="passedeven"><td><a href="#m35">test_staffAdd</a></td></tr><tr class="passedeven"><td><a href="#m36">test_staffAdd</a></td></tr><tr class="passedeven"><td><a href="#m37">test_staffAdd</a></td></tr><tr class="passedeven"><td><a href="#m38">test_staffAdd</a></td></tr><tr class="passedeven"><td><a href="#m39">test_staffAdd</a></td></tr><tr class="passedeven"><td><a href="#m40">test_staffAdd</a></td></tr><tr class="passedeven"><td><a href="#m41">test_staffAdd</a></td></tr><tr class="passedeven"><td><a href="#m42">test_staffAdd</a></td></tr><tr class="passedeven"><td><a href="#m43">test_staffAdd</a></td></tr><tr class="passedeven"><td><a href="#m44">test_staffAdd</a></td></tr><tr class="passedeven"><td><a href="#m45">test_staffAdd</a></td></tr><tr class="passedeven"><td><a href="#m46">test_staffAdd</a></td></tr><tr class="passedeven"><td><a href="#m47">test_validateAccountDropdownItems</a></td><td rowspan="1">1483333110324</td><td rowspan="1">343</td></tr><tr class="passedeven"><td><a href="#m48">test_validateEntitiesDropdownItems</a></td><td rowspan="1">1483333110068</td><td rowspan="1">254</td></tr><tr class="passedeven"><td><a href="#m49">test_validateMenuBarItems</a></td><td rowspan="1">1483333109930</td><td rowspan="1">137</td></tr></tbody></table><h2>test</h2><h3 id="m0">test.Gurukul#test_accountSettings</h3><table class="result"><tr><th>Exception</th></tr><tr><td><div class="stacktrace">org.openqa.selenium.WebDriverException: Element is not clickable at point (1849, 26). Other element would receive the click: &lt;div aria-hidden=&quot;false&quot; style=&quot;display: block;&quot; class=&quot;modal fade in&quot; id=&quot;deleteBranchConfirmation&quot;&gt;&lt;/div&gt;
Command duration or timeout: 81 milliseconds
Build info: version: &apos;2.53.1&apos;, revision: &apos;a36b8b1&apos;, time: &apos;2016-06-30 17:37:03&apos;
System info: host: &apos;INLN50944471A&apos;, ip: &apos;10.0.75.1&apos;, os.name: &apos;Windows 10&apos;, os.arch: &apos;amd64&apos;, os.version: &apos;10.0&apos;, java.version: &apos;1.8.0_112&apos;
Driver info: org.openqa.selenium.firefox.FirefoxDriver
Capabilities [{applicationCacheEnabled=true, rotatable=false, handlesAlerts=true, databaseEnabled=true, version=46.0.1, platform=WINDOWS, nativeEvents=false, acceptSslCerts=true, webStorageEnabled=true, locationContextEnabled=true, browserName=firefox, takesScreenshot=true, javascriptEnabled=true, cssSelectorsEnabled=true}]
Session ID: a6ae7a32-b1e9-4aec-8027-0907acb26a96
Command duration or timeout: 585 milliseconds
Build info: version: &apos;2.53.1&apos;, revision: &apos;a36b8b1cd5757287168e54b817830adce9b0158d&apos;, time: &apos;2016-06-30 19:26:09&apos;
System info: host: &apos;INLN50944471A&apos;, ip: &apos;10.0.75.1&apos;, os.name: &apos;Windows 10&apos;, os.arch: &apos;amd64&apos;, os.version: &apos;10.0&apos;, java.version: &apos;1.8.0_101&apos;
Driver info: org.openqa.selenium.remote.RemoteWebDriver
Capabilities [{applicationCacheEnabled=true, rotatable=false, handlesAlerts=true, databaseEnabled=true, version=46.0.1, platform=WINDOWS, nativeEvents=false, acceptSslCerts=true, webdriver.remote.sessionid=bc8d3449-dcb5-4d00-a5fa-b87891dcfa10, webStorageEnabled=true, locationContextEnabled=true, browserName=firefox, takesScreenshot=true, javascriptEnabled=true, cssSelectorsEnabled=true}]
Session ID: bc8d3449-dcb5-4d00-a5fa-b87891dcfa10
	at org.openqa.selenium.remote.ErrorHandler.createThrowable(ErrorHandler.java:206)
	at org.openqa.selenium.remote.ErrorHandler.throwIfResponseFailed(ErrorHandler.java:158)
	at org.openqa.selenium.remote.RemoteWebDriver.execute(RemoteWebDriver.java:678)
	at org.openqa.selenium.remote.RemoteWebElement.execute(RemoteWebElement.java:327)
	at org.openqa.selenium.remote.RemoteWebElement.click(RemoteWebElement.java:85)
	at common.CommonFunctions.clickAccountsButton(CommonFunctions.java:96)
	at test.Gurukul.test_accountSettings(Gurukul.java:354)
Caused by: org.openqa.selenium.remote.ScreenshotException: Screen shot has been taken
Build info: version: &apos;2.53.1&apos;, revision: &apos;a36b8b1cd5757287168e54b817830adce9b0158d&apos;, time: &apos;2016-06-30 19:26:09&apos;
System info: host: &apos;INLN50944471A&apos;, ip: &apos;10.0.75.1&apos;, os.name: &apos;Windows 10&apos;, os.arch: &apos;amd64&apos;, os.version: &apos;10.0&apos;, java.version: &apos;1.8.0_101&apos;
Driver info: driver.version: RemoteWebDriver
	at org.openqa.selenium.remote.ErrorHandler.throwIfResponseFailed(ErrorHandler.java:138)
	... 30 more
Caused by: org.openqa.selenium.WebDriverException: Element is not clickable at point (1849, 26). Other element would receive the click: &lt;div aria-hidden=&quot;false&quot; style=&quot;display: block;&quot; class=&quot;modal fade in&quot; id=&quot;deleteBranchConfirmation&quot;&gt;&lt;/div&gt;
Command duration or timeout: 81 milliseconds
Build info: version: &apos;2.53.1&apos;, revision: &apos;a36b8b1&apos;, time: &apos;2016-06-30 17:37:03&apos;
System info: host: &apos;INLN50944471A&apos;, ip: &apos;10.0.75.1&apos;, os.name: &apos;Windows 10&apos;, os.arch: &apos;amd64&apos;, os.version: &apos;10.0&apos;, java.version: &apos;1.8.0_112&apos;
Driver info: org.openqa.selenium.firefox.FirefoxDriver
Capabilities [{applicationCacheEnabled=true, rotatable=false, handlesAlerts=true, databaseEnabled=true, version=46.0.1, platform=WINDOWS, nativeEvents=false, acceptSslCerts=true, webStorageEnabled=true, locationContextEnabled=true, browserName=firefox, takesScreenshot=true, javascriptEnabled=true, cssSelectorsEnabled=true}]
Session ID: a6ae7a32-b1e9-4aec-8027-0907acb26a96
Build info: version: &apos;2.53.1&apos;, revision: &apos;a36b8b1cd5757287168e54b817830adce9b0158d&apos;, time: &apos;2016-06-30 19:26:09&apos;
System info: host: &apos;INLN50944471A&apos;, ip: &apos;10.0.75.1&apos;, os.name: &apos;Windows 10&apos;, os.arch: &apos;amd64&apos;, os.version: &apos;10.0&apos;, java.version: &apos;1.8.0_101&apos;
Driver info: driver.version: RemoteWebDriver
	at org.openqa.selenium.remote.ErrorHandler.createThrowable(ErrorHandler.java:206)
	at org.openqa.selenium.remote.ErrorHandler.throwIfResponseFailed(ErrorHandler.java:158)
	at org.openqa.selenium.remote.RemoteWebDriver.execute(RemoteWebDriver.java:678)
	at org.openqa.selenium.remote.RemoteWebElement.execute(RemoteWebElement.java:327)
	at org.openqa.selenium.remote.RemoteWebElement.click(RemoteWebElement.java:85)
	at org.openqa.selenium.support.events.EventFiringWebDriver$EventFiringWebElement$1.invoke(EventFiringWebDriver.java:335)
	at com.sun.proxy.$Proxy2.click(Unknown Source)
	at org.openqa.selenium.support.events.EventFiringWebDriver$EventFiringWebElement.click(EventFiringWebDriver.java:348)
	at org.openqa.selenium.remote.server.KnownElements$1.invoke(KnownElements.java:64)
	at com.sun.proxy.$Proxy3.click(Unknown Source)
	at org.openqa.selenium.remote.server.handler.ClickElement.call(ClickElement.java:30)
	at org.openqa.selenium.remote.server.handler.ClickElement.call(ClickElement.java:1)
	at java.util.concurrent.FutureTask.run(Unknown Source)
	at org.openqa.selenium.remote.server.DefaultSession$1.run(DefaultSession.java:176)
	at java.util.concurrent.ThreadPoolExecutor.runWorker(Unknown Source)
	at java.util.concurrent.ThreadPoolExecutor$Worker.run(Unknown Source)
	at java.lang.Thread.run(Unknown Source)
... Removed 39 stack frames</div></td></tr></table><p class="totop"><a href="#summary">back to summary</a></p><h3 id="m1">test.Gurukul#test_createStaff</h3><table class="result"><tr class="param"><th>Parameter #1</th><th>Parameter #2</th></tr><tr class="param stripe"><td>StaffOne</td><td>BranchOne</td></tr><tr><th colspan="2">Exception</th></tr><tr><td colspan="2"><div class="stacktrace">java.lang.AssertionError: The Branch is not created expected [true] but found [false]
	at test.Gurukul.test_createStaff(Gurukul.java:162)
... Removed 28 stack frames</div></td></tr></table><p class="totop"><a href="#summary">back to summary</a></p><h3 id="m2">test.Gurukul#test_logout</h3><table class="result"><tr><th>Exception</th></tr><tr><td><div class="stacktrace">org.openqa.selenium.NoSuchElementException: Unable to locate element: {&quot;method&quot;:&quot;css selector&quot;,&quot;selector&quot;:&quot;.hipster.img-responsive.img-rounded&quot;}
For documentation on this error, please visit: http://seleniumhq.org/exceptions/no_such_element.html
Build info: version: &apos;2.53.1&apos;, revision: &apos;a36b8b1&apos;, time: &apos;2016-06-30 17:37:03&apos;
System info: host: &apos;INLN50944471A&apos;, ip: &apos;10.0.75.1&apos;, os.name: &apos;Windows 10&apos;, os.arch: &apos;amd64&apos;, os.version: &apos;10.0&apos;, java.version: &apos;1.8.0_112&apos;
Driver info: driver.version: unknown
Command duration or timeout: 4.35 seconds
For documentation on this error, please visit: http://seleniumhq.org/exceptions/no_such_element.html
Build info: version: &apos;2.53.1&apos;, revision: &apos;a36b8b1cd5757287168e54b817830adce9b0158d&apos;, time: &apos;2016-06-30 19:26:09&apos;
System info: host: &apos;INLN50944471A&apos;, ip: &apos;10.0.75.1&apos;, os.name: &apos;Windows 10&apos;, os.arch: &apos;amd64&apos;, os.version: &apos;10.0&apos;, java.version: &apos;1.8.0_101&apos;
Driver info: org.openqa.selenium.remote.RemoteWebDriver
Capabilities [{applicationCacheEnabled=true, rotatable=false, handlesAlerts=true, databaseEnabled=true, version=46.0.1, platform=WINDOWS, nativeEvents=false, acceptSslCerts=true, webdriver.remote.sessionid=bc8d3449-dcb5-4d00-a5fa-b87891dcfa10, webStorageEnabled=true, locationContextEnabled=true, browserName=firefox, takesScreenshot=true, javascriptEnabled=true, cssSelectorsEnabled=true}]
Session ID: bc8d3449-dcb5-4d00-a5fa-b87891dcfa10
*** Element info: {Using=css selector, value=.hipster.img-responsive.img-rounded}
	at org.openqa.selenium.remote.ErrorHandler.createThrowable(ErrorHandler.java:206)
	at org.openqa.selenium.remote.ErrorHandler.throwIfResponseFailed(ErrorHandler.java:158)
	at org.openqa.selenium.remote.RemoteWebDriver.execute(RemoteWebDriver.java:678)
	at org.openqa.selenium.remote.RemoteWebDriver.findElement(RemoteWebDriver.java:363)
	at org.openqa.selenium.remote.RemoteWebDriver.findElementByCssSelector(RemoteWebDriver.java:492)
	at org.openqa.selenium.By$ByCssSelector.findElement(By.java:430)
	at org.openqa.selenium.remote.RemoteWebDriver.findElement(RemoteWebDriver.java:355)
	at common.CommonFunctions.logout(CommonFunctions.java:136)
	at test.Gurukul.test_logout(Gurukul.java:372)
Caused by: org.openqa.selenium.remote.ScreenshotException: Screen shot has been taken
Build info: version: &apos;2.53.1&apos;, revision: &apos;a36b8b1cd5757287168e54b817830adce9b0158d&apos;, time: &apos;2016-06-30 19:26:09&apos;
System info: host: &apos;INLN50944471A&apos;, ip: &apos;10.0.75.1&apos;, os.name: &apos;Windows 10&apos;, os.arch: &apos;amd64&apos;, os.version: &apos;10.0&apos;, java.version: &apos;1.8.0_101&apos;
Driver info: driver.version: RemoteWebDriver
	at org.openqa.selenium.remote.ErrorHandler.throwIfResponseFailed(ErrorHandler.java:138)
	... 32 more
Caused by: org.openqa.selenium.NoSuchElementException: Unable to locate element: {&quot;method&quot;:&quot;css selector&quot;,&quot;selector&quot;:&quot;.hipster.img-responsive.img-rounded&quot;}
For documentation on this error, please visit: http://seleniumhq.org/exceptions/no_such_element.html
Build info: version: &apos;2.53.1&apos;, revision: &apos;a36b8b1&apos;, time: &apos;2016-06-30 17:37:03&apos;
System info: host: &apos;INLN50944471A&apos;, ip: &apos;10.0.75.1&apos;, os.name: &apos;Windows 10&apos;, os.arch: &apos;amd64&apos;, os.version: &apos;10.0&apos;, java.version: &apos;1.8.0_112&apos;
Driver info: driver.version: unknown
For documentation on this error, please visit: http://seleniumhq.org/exceptions/no_such_element.html
Build info: version: &apos;2.53.1&apos;, revision: &apos;a36b8b1cd5757287168e54b817830adce9b0158d&apos;, time: &apos;2016-06-30 19:26:09&apos;
System info: host: &apos;INLN50944471A&apos;, ip: &apos;10.0.75.1&apos;, os.name: &apos;Windows 10&apos;, os.arch: &apos;amd64&apos;, os.version: &apos;10.0&apos;, java.version: &apos;1.8.0_101&apos;
Driver info: driver.version: unknown
	at &lt;anonymous class&gt;.FirefoxDriver.prototype.findElementInternal_(file:///C:/Users/I301122/AppData/Local/Temp/anonymous7115564859714498120webdriver-profile/extensions/fxdriver@googlecode.com/components/driver-component.js:10770)
	at &lt;anonymous class&gt;.fxdriver.Timer.prototype.setTimeout/&lt;.notify(file:///C:/Users/I301122/AppData/Local/Temp/anonymous7115564859714498120webdriver-profile/extensions/fxdriver@googlecode.com/components/driver-component.js:625)
... Removed 29 stack frames</div></td></tr></table><p class="totop"><a href="#summary">back to summary</a></p><h3 id="m3">test.Gurukul#test_searchAndClickPageButton</h3><table class="result"><tr><th>Exception</th></tr><tr><td><div class="stacktrace">org.openqa.selenium.WebDriverException: Element is not clickable at point (1737, 26). Other element would receive the click: &lt;div aria-hidden=&quot;false&quot; style=&quot;display: block;&quot; class=&quot;modal fade in&quot; id=&quot;deleteBranchConfirmation&quot;&gt;&lt;/div&gt;
Command duration or timeout: 77 milliseconds
Build info: version: &apos;2.53.1&apos;, revision: &apos;a36b8b1&apos;, time: &apos;2016-06-30 17:37:03&apos;
System info: host: &apos;INLN50944471A&apos;, ip: &apos;10.0.75.1&apos;, os.name: &apos;Windows 10&apos;, os.arch: &apos;amd64&apos;, os.version: &apos;10.0&apos;, java.version: &apos;1.8.0_112&apos;
Driver info: org.openqa.selenium.firefox.FirefoxDriver
Capabilities [{applicationCacheEnabled=true, rotatable=false, handlesAlerts=true, databaseEnabled=true, version=46.0.1, platform=WINDOWS, nativeEvents=false, acceptSslCerts=true, webStorageEnabled=true, locationContextEnabled=true, browserName=firefox, takesScreenshot=true, javascriptEnabled=true, cssSelectorsEnabled=true}]
Session ID: a6ae7a32-b1e9-4aec-8027-0907acb26a96
Command duration or timeout: 414 milliseconds
Build info: version: &apos;2.53.1&apos;, revision: &apos;a36b8b1cd5757287168e54b817830adce9b0158d&apos;, time: &apos;2016-06-30 19:26:09&apos;
System info: host: &apos;INLN50944471A&apos;, ip: &apos;10.0.75.1&apos;, os.name: &apos;Windows 10&apos;, os.arch: &apos;amd64&apos;, os.version: &apos;10.0&apos;, java.version: &apos;1.8.0_101&apos;
Driver info: org.openqa.selenium.remote.RemoteWebDriver
Capabilities [{applicationCacheEnabled=true, rotatable=false, handlesAlerts=true, databaseEnabled=true, version=46.0.1, platform=WINDOWS, nativeEvents=false, acceptSslCerts=true, webdriver.remote.sessionid=bc8d3449-dcb5-4d00-a5fa-b87891dcfa10, webStorageEnabled=true, locationContextEnabled=true, browserName=firefox, takesScreenshot=true, javascriptEnabled=true, cssSelectorsEnabled=true}]
Session ID: bc8d3449-dcb5-4d00-a5fa-b87891dcfa10
	at org.openqa.selenium.remote.ErrorHandler.createThrowable(ErrorHandler.java:206)
	at org.openqa.selenium.remote.ErrorHandler.throwIfResponseFailed(ErrorHandler.java:158)
	at org.openqa.selenium.remote.RemoteWebDriver.execute(RemoteWebDriver.java:678)
	at org.openqa.selenium.remote.RemoteWebElement.execute(RemoteWebElement.java:327)
	at org.openqa.selenium.remote.RemoteWebElement.click(RemoteWebElement.java:85)
	at common.CommonFunctions.clickEntitiesButton(CommonFunctions.java:90)
	at test.Gurukul.test_searchAndClickPageButton(Gurukul.java:324)
Caused by: org.openqa.selenium.remote.ScreenshotException: Screen shot has been taken
Build info: version: &apos;2.53.1&apos;, revision: &apos;a36b8b1cd5757287168e54b817830adce9b0158d&apos;, time: &apos;2016-06-30 19:26:09&apos;
System info: host: &apos;INLN50944471A&apos;, ip: &apos;10.0.75.1&apos;, os.name: &apos;Windows 10&apos;, os.arch: &apos;amd64&apos;, os.version: &apos;10.0&apos;, java.version: &apos;1.8.0_101&apos;
Driver info: driver.version: RemoteWebDriver
	at org.openqa.selenium.remote.ErrorHandler.throwIfResponseFailed(ErrorHandler.java:138)
	... 30 more
Caused by: org.openqa.selenium.WebDriverException: Element is not clickable at point (1737, 26). Other element would receive the click: &lt;div aria-hidden=&quot;false&quot; style=&quot;display: block;&quot; class=&quot;modal fade in&quot; id=&quot;deleteBranchConfirmation&quot;&gt;&lt;/div&gt;
Command duration or timeout: 77 milliseconds
Build info: version: &apos;2.53.1&apos;, revision: &apos;a36b8b1&apos;, time: &apos;2016-06-30 17:37:03&apos;
System info: host: &apos;INLN50944471A&apos;, ip: &apos;10.0.75.1&apos;, os.name: &apos;Windows 10&apos;, os.arch: &apos;amd64&apos;, os.version: &apos;10.0&apos;, java.version: &apos;1.8.0_112&apos;
Driver info: org.openqa.selenium.firefox.FirefoxDriver
Capabilities [{applicationCacheEnabled=true, rotatable=false, handlesAlerts=true, databaseEnabled=true, version=46.0.1, platform=WINDOWS, nativeEvents=false, acceptSslCerts=true, webStorageEnabled=true, locationContextEnabled=true, browserName=firefox, takesScreenshot=true, javascriptEnabled=true, cssSelectorsEnabled=true}]
Session ID: a6ae7a32-b1e9-4aec-8027-0907acb26a96
Build info: version: &apos;2.53.1&apos;, revision: &apos;a36b8b1cd5757287168e54b817830adce9b0158d&apos;, time: &apos;2016-06-30 19:26:09&apos;
System info: host: &apos;INLN50944471A&apos;, ip: &apos;10.0.75.1&apos;, os.name: &apos;Windows 10&apos;, os.arch: &apos;amd64&apos;, os.version: &apos;10.0&apos;, java.version: &apos;1.8.0_101&apos;
Driver info: driver.version: RemoteWebDriver
	at org.openqa.selenium.remote.ErrorHandler.createThrowable(ErrorHandler.java:206)
	at org.openqa.selenium.remote.ErrorHandler.throwIfResponseFailed(ErrorHandler.java:158)
	at org.openqa.selenium.remote.RemoteWebDriver.execute(RemoteWebDriver.java:678)
	at org.openqa.selenium.remote.RemoteWebElement.execute(RemoteWebElement.java:327)
	at org.openqa.selenium.remote.RemoteWebElement.click(RemoteWebElement.java:85)
	at org.openqa.selenium.support.events.EventFiringWebDriver$EventFiringWebElement$1.invoke(EventFiringWebDriver.java:335)
	at com.sun.proxy.$Proxy2.click(Unknown Source)
	at org.openqa.selenium.support.events.EventFiringWebDriver$EventFiringWebElement.click(EventFiringWebDriver.java:348)
	at org.openqa.selenium.remote.server.KnownElements$1.invoke(KnownElements.java:64)
	at com.sun.proxy.$Proxy3.click(Unknown Source)
	at org.openqa.selenium.remote.server.handler.ClickElement.call(ClickElement.java:30)
	at org.openqa.selenium.remote.server.handler.ClickElement.call(ClickElement.java:1)
	at java.util.concurrent.FutureTask.run(Unknown Source)
	at org.openqa.selenium.remote.server.DefaultSession$1.run(DefaultSession.java:176)
	at java.util.concurrent.ThreadPoolExecutor.runWorker(Unknown Source)
	at java.util.concurrent.ThreadPoolExecutor$Worker.run(Unknown Source)
	at java.lang.Thread.run(Unknown Source)
... Removed 39 stack frames</div></td></tr></table><p class="totop"><a href="#summary">back to summary</a></p><h3 id="m4">test.Gurukul#test_searchBranchAndDelete</h3><table class="result"><tr><th>Exception</th></tr><tr><td><div class="stacktrace">org.openqa.selenium.WebDriverException: Element is not clickable at point (1009, 171). Other element would receive the click: &lt;div class=&quot;modal-footer&quot;&gt;&lt;/div&gt;
Command duration or timeout: 85 milliseconds
Build info: version: &apos;2.53.1&apos;, revision: &apos;a36b8b1&apos;, time: &apos;2016-06-30 17:37:03&apos;
System info: host: &apos;INLN50944471A&apos;, ip: &apos;10.0.75.1&apos;, os.name: &apos;Windows 10&apos;, os.arch: &apos;amd64&apos;, os.version: &apos;10.0&apos;, java.version: &apos;1.8.0_112&apos;
Driver info: org.openqa.selenium.firefox.FirefoxDriver
Capabilities [{applicationCacheEnabled=true, rotatable=false, handlesAlerts=true, databaseEnabled=true, version=46.0.1, platform=WINDOWS, nativeEvents=false, acceptSslCerts=true, webStorageEnabled=true, locationContextEnabled=true, browserName=firefox, takesScreenshot=true, javascriptEnabled=true, cssSelectorsEnabled=true}]
Session ID: a6ae7a32-b1e9-4aec-8027-0907acb26a96
Command duration or timeout: 2.20 seconds
Build info: version: &apos;2.53.1&apos;, revision: &apos;a36b8b1cd5757287168e54b817830adce9b0158d&apos;, time: &apos;2016-06-30 19:26:09&apos;
System info: host: &apos;INLN50944471A&apos;, ip: &apos;10.0.75.1&apos;, os.name: &apos;Windows 10&apos;, os.arch: &apos;amd64&apos;, os.version: &apos;10.0&apos;, java.version: &apos;1.8.0_101&apos;
Driver info: org.openqa.selenium.remote.RemoteWebDriver
Capabilities [{applicationCacheEnabled=true, rotatable=false, handlesAlerts=true, databaseEnabled=true, version=46.0.1, platform=WINDOWS, nativeEvents=false, acceptSslCerts=true, webdriver.remote.sessionid=bc8d3449-dcb5-4d00-a5fa-b87891dcfa10, webStorageEnabled=true, locationContextEnabled=true, browserName=firefox, takesScreenshot=true, javascriptEnabled=true, cssSelectorsEnabled=true}]
Session ID: bc8d3449-dcb5-4d00-a5fa-b87891dcfa10
	at org.openqa.selenium.remote.ErrorHandler.createThrowable(ErrorHandler.java:206)
	at org.openqa.selenium.remote.ErrorHandler.throwIfResponseFailed(ErrorHandler.java:158)
	at org.openqa.selenium.remote.RemoteWebDriver.execute(RemoteWebDriver.java:678)
	at org.openqa.selenium.remote.RemoteWebElement.execute(RemoteWebElement.java:327)
	at org.openqa.selenium.remote.RemoteWebElement.click(RemoteWebElement.java:85)
	at common.CommonFunctions.clickSearch(CommonFunctions.java:123)
	at test.Gurukul.test_searchBranchAndDelete(Gurukul.java:296)
Caused by: org.openqa.selenium.remote.ScreenshotException: Screen shot has been taken
Build info: version: &apos;2.53.1&apos;, revision: &apos;a36b8b1cd5757287168e54b817830adce9b0158d&apos;, time: &apos;2016-06-30 19:26:09&apos;
System info: host: &apos;INLN50944471A&apos;, ip: &apos;10.0.75.1&apos;, os.name: &apos;Windows 10&apos;, os.arch: &apos;amd64&apos;, os.version: &apos;10.0&apos;, java.version: &apos;1.8.0_101&apos;
Driver info: driver.version: RemoteWebDriver
	at org.openqa.selenium.remote.ErrorHandler.throwIfResponseFailed(ErrorHandler.java:138)
	... 30 more
Caused by: org.openqa.selenium.WebDriverException: Element is not clickable at point (1009, 171). Other element would receive the click: &lt;div class=&quot;modal-footer&quot;&gt;&lt;/div&gt;
Command duration or timeout: 85 milliseconds
Build info: version: &apos;2.53.1&apos;, revision: &apos;a36b8b1&apos;, time: &apos;2016-06-30 17:37:03&apos;
System info: host: &apos;INLN50944471A&apos;, ip: &apos;10.0.75.1&apos;, os.name: &apos;Windows 10&apos;, os.arch: &apos;amd64&apos;, os.version: &apos;10.0&apos;, java.version: &apos;1.8.0_112&apos;
Driver info: org.openqa.selenium.firefox.FirefoxDriver
Capabilities [{applicationCacheEnabled=true, rotatable=false, handlesAlerts=true, databaseEnabled=true, version=46.0.1, platform=WINDOWS, nativeEvents=false, acceptSslCerts=true, webStorageEnabled=true, locationContextEnabled=true, browserName=firefox, takesScreenshot=true, javascriptEnabled=true, cssSelectorsEnabled=true}]
Session ID: a6ae7a32-b1e9-4aec-8027-0907acb26a96
Build info: version: &apos;2.53.1&apos;, revision: &apos;a36b8b1cd5757287168e54b817830adce9b0158d&apos;, time: &apos;2016-06-30 19:26:09&apos;
System info: host: &apos;INLN50944471A&apos;, ip: &apos;10.0.75.1&apos;, os.name: &apos;Windows 10&apos;, os.arch: &apos;amd64&apos;, os.version: &apos;10.0&apos;, java.version: &apos;1.8.0_101&apos;
Driver info: driver.version: RemoteWebDriver
	at org.openqa.selenium.remote.ErrorHandler.createThrowable(ErrorHandler.java:206)
	at org.openqa.selenium.remote.ErrorHandler.throwIfResponseFailed(ErrorHandler.java:158)
	at org.openqa.selenium.remote.RemoteWebDriver.execute(RemoteWebDriver.java:678)
	at org.openqa.selenium.remote.RemoteWebElement.execute(RemoteWebElement.java:327)
	at org.openqa.selenium.remote.RemoteWebElement.click(RemoteWebElement.java:85)
	at org.openqa.selenium.support.events.EventFiringWebDriver$EventFiringWebElement$1.invoke(EventFiringWebDriver.java:335)
	at com.sun.proxy.$Proxy2.click(Unknown Source)
	at org.openqa.selenium.support.events.EventFiringWebDriver$EventFiringWebElement.click(EventFiringWebDriver.java:348)
	at org.openqa.selenium.remote.server.KnownElements$1.invoke(KnownElements.java:64)
	at com.sun.proxy.$Proxy3.click(Unknown Source)
	at org.openqa.selenium.remote.server.handler.ClickElement.call(ClickElement.java:30)
	at org.openqa.selenium.remote.server.handler.ClickElement.call(ClickElement.java:1)
	at java.util.concurrent.FutureTask.run(Unknown Source)
	at org.openqa.selenium.remote.server.DefaultSession$1.run(DefaultSession.java:176)
	at java.util.concurrent.ThreadPoolExecutor.runWorker(Unknown Source)
	at java.util.concurrent.ThreadPoolExecutor$Worker.run(Unknown Source)
	at java.lang.Thread.run(Unknown Source)
... Removed 39 stack frames</div></td></tr></table><p class="totop"><a href="#summary">back to summary</a></p><h3 id="m5">test.Gurukul#test_searchStaffAndDelete</h3><table class="result"><tr><th>Exception</th></tr><tr><td><div class="stacktrace">java.lang.AssertionError: The Branch searched is not displayed expected [true] but found [false]
	at test.Gurukul.test_searchStaffAndDelete(Gurukul.java:183)
... Removed 28 stack frames</div></td></tr></table><p class="totop"><a href="#summary">back to summary</a></p><h3 id="m6">test.Gurukul#test_createBranches</h3><table class="result"><tr class="param"><th>Parameter #1</th><th>Parameter #2</th></tr><tr class="param stripe"><td>BranchTwo</td><td>BB2</td></tr></table><p class="totop"><a href="#summary">back to summary</a></p><h3 id="m7">test.Gurukul#test_createBranches</h3><table class="result"><tr class="param"><th>Parameter #1</th><th>Parameter #2</th></tr><tr class="param stripe"><td>BrancOne</td><td>BB1</td></tr></table><p class="totop"><a href="#summary">back to summary</a></p><h3 id="m8">test.Gurukul#test_createBranches</h3><table class="result"><tr class="param"><th>Parameter #1</th><th>Parameter #2</th></tr><tr class="param stripe"><td>BranchThree</td><td>BB3</td></tr></table><p class="totop"><a href="#summary">back to summary</a></p><h3 id="m9">test.Gurukul#test_createBranches</h3><table class="result"><tr class="param"><th>Parameter #1</th><th>Parameter #2</th></tr><tr class="param stripe"><td>BranchFour</td><td>BB4</td></tr></table><p class="totop"><a href="#summary">back to summary</a></p><h3 id="m10">test.Gurukul#test_login</h3><table class="result"></table><p class="totop"><a href="#summary">back to summary</a></p><h3 id="m11">test.Gurukul#test_pagination</h3><table class="result"></table><p class="totop"><a href="#summary">back to summary</a></p><h3 id="m12">test.Gurukul#test_registerNewUser</h3><table class="result"></table><p class="totop"><a href="#summary">back to summary</a></p><h3 id="m13">test.Gurukul#test_staffAdd</h3><table class="result"><tr class="param"><th>Parameter #1</th><th>Parameter #2</th></tr><tr class="param stripe"><td>StaffAA</td><td>BranchOne</td></tr></table><p class="totop"><a href="#summary">back to summary</a></p><h3 id="m14">test.Gurukul#test_staffAdd</h3><table class="result"><tr class="param"><th>Parameter #1</th><th>Parameter #2</th></tr><tr class="param stripe"><td>StaffFF</td><td>BranchOne</td></tr></table><p class="totop"><a href="#summary">back to summary</a></p><h3 id="m15">test.Gurukul#test_staffAdd</h3><table class="result"><tr class="param"><th>Parameter #1</th><th>Parameter #2</th></tr><tr class="param stripe"><td>StaffR</td><td>BranchOne</td></tr></table><p class="totop"><a href="#summary">back to summary</a></p><h3 id="m16">test.Gurukul#test_staffAdd</h3><table class="result"><tr class="param"><th>Parameter #1</th><th>Parameter #2</th></tr><tr class="param stripe"><td>StaffJ</td><td>BranchOne</td></tr></table><p class="totop"><a href="#summary">back to summary</a></p><h3 id="m17">test.Gurukul#test_staffAdd</h3><table class="result"><tr class="param"><th>Parameter #1</th><th>Parameter #2</th></tr><tr class="param stripe"><td>StaffI</td><td>BranchOne</td></tr></table><p class="totop"><a href="#summary">back to summary</a></p><h3 id="m18">test.Gurukul#test_staffAdd</h3><table class="result"><tr class="param"><th>Parameter #1</th><th>Parameter #2</th></tr><tr class="param stripe"><td>StaffEE</td><td>BranchOne</td></tr></table><p class="totop"><a href="#summary">back to summary</a></p><h3 id="m19">test.Gurukul#test_staffAdd</h3><table class="result"><tr class="param"><th>Parameter #1</th><th>Parameter #2</th></tr><tr class="param stripe"><td>StaffK</td><td>BranchOne</td></tr></table><p class="totop"><a href="#summary">back to summary</a></p><h3 id="m20">test.Gurukul#test_staffAdd</h3><table class="result"><tr class="param"><th>Parameter #1</th><th>Parameter #2</th></tr><tr class="param stripe"><td>StaffW</td><td>BranchOne</td></tr></table><p class="totop"><a href="#summary">back to summary</a></p><h3 id="m21">test.Gurukul#test_staffAdd</h3><table class="result"><tr class="param"><th>Parameter #1</th><th>Parameter #2</th></tr><tr class="param stripe"><td>StaffDD</td><td>BranchOne</td></tr></table><p class="totop"><a href="#summary">back to summary</a></p><h3 id="m22">test.Gurukul#test_staffAdd</h3><table class="result"><tr class="param"><th>Parameter #1</th><th>Parameter #2</th></tr><tr class="param stripe"><td>StaffO</td><td>BranchOne</td></tr></table><p class="totop"><a href="#summary">back to summary</a></p><h3 id="m23">test.Gurukul#test_staffAdd</h3><table class="result"><tr class="param"><th>Parameter #1</th><th>Parameter #2</th></tr><tr class="param stripe"><td>StaffP</td><td>BranchOne</td></tr></table><p class="totop"><a href="#summary">back to summary</a></p><h3 id="m24">test.Gurukul#test_staffAdd</h3><table class="result"><tr class="param"><th>Parameter #1</th><th>Parameter #2</th></tr><tr class="param stripe"><td>StaffU</td><td>BranchOne</td></tr></table><p class="totop"><a href="#summary">back to summary</a></p><h3 id="m25">test.Gurukul#test_staffAdd</h3><table class="result"><tr class="param"><th>Parameter #1</th><th>Parameter #2</th></tr><tr class="param stripe"><td>StaffG</td><td>BranchOne</td></tr></table><p class="totop"><a href="#summary">back to summary</a></p><h3 id="m26">test.Gurukul#test_staffAdd</h3><table class="result"><tr class="param"><th>Parameter #1</th><th>Parameter #2</th></tr><tr class="param stripe"><td>StaffN</td><td>BranchOne</td></tr></table><p class="totop"><a href="#summary">back to summary</a></p><h3 id="m27">test.Gurukul#test_staffAdd</h3><table class="result"><tr class="param"><th>Parameter #1</th><th>Parameter #2</th></tr><tr class="param stripe"><td>StaffB</td><td>BranchOne</td></tr></table><p class="totop"><a href="#summary">back to summary</a></p><h3 id="m28">test.Gurukul#test_staffAdd</h3><table class="result"><tr class="param"><th>Parameter #1</th><th>Parameter #2</th></tr><tr class="param stripe"><td>StaffZ</td><td>BranchOne</td></tr></table><p class="totop"><a href="#summary">back to summary</a></p><h3 id="m29">test.Gurukul#test_staffAdd</h3><table class="result"><tr class="param"><th>Parameter #1</th><th>Parameter #2</th></tr><tr class="param stripe"><td>StaffCC</td><td>BranchOne</td></tr></table><p class="totop"><a href="#summary">back to summary</a></p><h3 id="m30">test.Gurukul#test_staffAdd</h3><table class="result"><tr class="param"><th>Parameter #1</th><th>Parameter #2</th></tr><tr class="param stripe"><td>StaffD</td><td>BranchOne</td></tr></table><p class="totop"><a href="#summary">back to summary</a></p><h3 id="m31">test.Gurukul#test_staffAdd</h3><table class="result"><tr class="param"><th>Parameter #1</th><th>Parameter #2</th></tr><tr class="param stripe"><td>StaffGG</td><td>BranchOne</td></tr></table><p class="totop"><a href="#summary">back to summary</a></p><h3 id="m32">test.Gurukul#test_staffAdd</h3><table class="result"><tr class="param"><th>Parameter #1</th><th>Parameter #2</th></tr><tr class="param stripe"><td>StaffBB</td><td>BranchOne</td></tr></table><p class="totop"><a href="#summary">back to summary</a></p><h3 id="m33">test.Gurukul#test_staffAdd</h3><table class="result"><tr class="param"><th>Parameter #1</th><th>Parameter #2</th></tr><tr class="param stripe"><td>StaffE</td><td>BranchOne</td></tr></table><p class="totop"><a href="#summary">back to summary</a></p><h3 id="m34">test.Gurukul#test_staffAdd</h3><table class="result"><tr class="param"><th>Parameter #1</th><th>Parameter #2</th></tr><tr class="param stripe"><td>StaffF</td><td>BranchOne</td></tr></table><p class="totop"><a href="#summary">back to summary</a></p><h3 id="m35">test.Gurukul#test_staffAdd</h3><table class="result"><tr class="param"><th>Parameter #1</th><th>Parameter #2</th></tr><tr class="param stripe"><td>StaffL</td><td>BranchOne</td></tr></table><p class="totop"><a href="#summary">back to summary</a></p><h3 id="m36">test.Gurukul#test_staffAdd</h3><table class="result"><tr class="param"><th>Parameter #1</th><th>Parameter #2</th></tr><tr class="param stripe"><td>StaffY</td><td>BranchOne</td></tr></table><p class="totop"><a href="#summary">back to summary</a></p><h3 id="m37">test.Gurukul#test_staffAdd</h3><table class="result"><tr class="param"><th>Parameter #1</th><th>Parameter #2</th></tr><tr class="param stripe"><td>StaffM</td><td>BranchOne</td></tr></table><p class="totop"><a href="#summary">back to summary</a></p><h3 id="m38">test.Gurukul#test_staffAdd</h3><table class="result"><tr class="param"><th>Parameter #1</th><th>Parameter #2</th></tr><tr class="param stripe"><td>StaffT</td><td>BranchOne</td></tr></table><p class="totop"><a href="#summary">back to summary</a></p><h3 id="m39">test.Gurukul#test_staffAdd</h3><table class="result"><tr class="param"><th>Parameter #1</th><th>Parameter #2</th></tr><tr class="param stripe"><td>StaffH</td><td>BranchOne</td></tr></table><p class="totop"><a href="#summary">back to summary</a></p><h3 id="m40">test.Gurukul#test_staffAdd</h3><table class="result"><tr class="param"><th>Parameter #1</th><th>Parameter #2</th></tr><tr class="param stripe"><td>StaffC</td><td>BranchOne</td></tr></table><p class="totop"><a href="#summary">back to summary</a></p><h3 id="m41">test.Gurukul#test_staffAdd</h3><table class="result"><tr class="param"><th>Parameter #1</th><th>Parameter #2</th></tr><tr class="param stripe"><td>StaffA</td><td>BranchOne</td></tr></table><p class="totop"><a href="#summary">back to summary</a></p><h3 id="m42">test.Gurukul#test_staffAdd</h3><table class="result"><tr class="param"><th>Parameter #1</th><th>Parameter #2</th></tr><tr class="param stripe"><td>StaffV</td><td>BranchOne</td></tr></table><p class="totop"><a href="#summary">back to summary</a></p><h3 id="m43">test.Gurukul#test_staffAdd</h3><table class="result"><tr class="param"><th>Parameter #1</th><th>Parameter #2</th></tr><tr class="param stripe"><td>StaffS</td><td>BranchOne</td></tr></table><p class="totop"><a href="#summary">back to summary</a></p><h3 id="m44">test.Gurukul#test_staffAdd</h3><table class="result"><tr class="param"><th>Parameter #1</th><th>Parameter #2</th></tr><tr class="param stripe"><td>StaffQ</td><td>BranchOne</td></tr></table><p class="totop"><a href="#summary">back to summary</a></p><h3 id="m45">test.Gurukul#test_staffAdd</h3><table class="result"><tr class="param"><th>Parameter #1</th><th>Parameter #2</th></tr><tr class="param stripe"><td>StaffM</td><td>BranchOne</td></tr></table><p class="totop"><a href="#summary">back to summary</a></p><h3 id="m46">test.Gurukul#test_staffAdd</h3><table class="result"><tr class="param"><th>Parameter #1</th><th>Parameter #2</th></tr><tr class="param stripe"><td>StaffX</td><td>BranchOne</td></tr></table><p class="totop"><a href="#summary">back to summary</a></p><h3 id="m47">test.Gurukul#test_validateAccountDropdownItems</h3><table class="result"></table><p class="totop"><a href="#summary">back to summary</a></p><h3 id="m48">test.Gurukul#test_validateEntitiesDropdownItems</h3><table class="result"></table><p class="totop"><a href="#summary">back to summary</a></p><h3 id="m49">test.Gurukul#test_validateMenuBarItems</h3><table class="result"></table><p class="totop"><a href="#summary">back to summary</a></p></body></html>